2024-07-14 13:10:49 - Received from client: [3G*1234567891*HEALTH*76,68,101]
2024-07-14 13:10:49 - Received from client: [3G*1234567892*HEALTH*92,73,119]
2024-07-14 13:10:49 - Received from client: [3G*1234567893*HEALTH*99,66,104]
2024-07-14 13:10:49 - Received from client: [3G*1234567890*HEALTH*66,64,116]
2024-07-14 13:10:49 - Health data from 1234567891: 76,68,101
2024-07-14 13:10:49 - Health data from 1234567892: 92,73,119
2024-07-14 13:10:49 - Health data from 1234567893: 99,66,104
2024-07-14 13:10:49 - Health data from 1234567890: 66,64,116
2024-07-14 13:10:49 - Sent to client: 3G*1234567893*HEALTH[OK]
2024-07-14 13:10:49 - Received from client: [3G*1234567893*UD*37.77732774797335,-122.40997560168627]
2024-07-14 13:10:49 - Sent to client: 3G*1234567890*HEALTH[OK]
2024-07-14 13:10:49 - Location data from 1234567893: 37.77732774797335,-122.40997560168627
2024-07-14 13:10:49 - Received from client: [3G*1234567890*UD*37.77615325981269,-122.41870361841492]
2024-07-14 13:10:49 - Sent to client: 3G*1234567892*HEALTH[OK]
2024-07-14 13:10:49 - Sent to client: 3G*1234567891*HEALTH[OK]
2024-07-14 13:10:49 - Sent to client: 3G*1234567893*UD[OK]
2024-07-14 13:10:49 - Location data from 1234567890: 37.77615325981269,-122.41870361841492
2024-07-14 13:10:49 - Received from client: [3G*1234567892*UD*37.778491423389134,-122.41021433302707]
2024-07-14 13:10:49 - Received from client: [3G*1234567891*UD*37.78310155410939,-122.41276277361227]
2024-07-14 13:10:49 - Sent to client: 3G*1234567890*UD[OK]
2024-07-14 13:10:49 - Location data from 1234567892: 37.778491423389134,-122.41021433302707
2024-07-14 13:10:49 - Location data from 1234567891: 37.78310155410939,-122.41276277361227
2024-07-14 13:10:49 - Sent to client: 3G*1234567892*UD[OK]
2024-07-14 13:10:49 - Sent to client: 3G*1234567891*UD[OK]
2024-07-14 13:11:07 - Sent to client 1234567890: [3G*1234567890*FIND]
